2015-12-27 19:01:38 INFO  Model:23 - inisialization task success
2015-12-27 23:12:52 INFO  Model:23 - inisialization task success
2015-12-29 17:23:54 INFO  Model:20 - initialization task success
2015-12-29 17:25:10 DEBUG Model:203 - not initialization in add method active of task y
2015-12-29 17:25:31 INFO  Model:218 - tass add
2015-12-29 17:30:39 INFO  Model:20 - initialization task success
2015-12-30 11:39:42 INFO  Model:17 - initialization task success
2015-12-30 11:51:40 INFO  Model:17 - initialization task success
2015-12-30 11:51:55 INFO  Model:17 - initialization task success
2015-12-30 11:53:49 INFO  Model:53 - tass add
2015-12-30 11:56:33 INFO  Model:17 - initialization task success
2015-12-30 12:11:47 INFO  Model:17 - initialization task success
2015-12-30 12:12:13 INFO  Model:17 - initialization task success
2015-12-30 12:12:18 INFO  Model:17 - initialization task success
2015-12-30 12:12:46 INFO  Model:17 - initialization task success
2015-12-30 12:13:08 INFO  Model:17 - initialization task success
2015-12-30 12:16:06 INFO  Model:17 - initialization task success
2015-12-30 12:19:04 INFO  Model:17 - initialization task success
2015-12-30 12:23:25 INFO  Model:17 - initialization task success
2015-12-30 12:25:48 INFO  Model:17 - initialization task success
2015-12-30 12:29:31 INFO  Model:17 - initialization task success
2015-12-30 12:52:10 INFO  Model:17 - initialization task success
2016-01-02 18:52:42 INFO  Model:20 - initialization task success
2016-01-02 18:53:11 INFO  Model:20 - initialization task success
2016-01-02 19:00:09 INFO  Model:20 - initialization task success
2016-01-02 19:00:27 INFO  Model:20 - initialization task success
2016-01-02 19:40:56 INFO  Model:20 - initialization task success
2016-01-02 19:40:57 DEBUG Model:25 - initialization  task error in class ModelUnparseable date: "com.sun.org.apache.xerces.internal.dom.DeepNodeListImpl@133314b"
2016-01-02 19:43:07 INFO  Model:20 - initialization task success
2016-01-02 19:43:07 DEBUG Model:25 - initialization  task error in class ModelUnparseable date: "com.sun.org.apache.xerces.internal.dom.DeepNodeListImpl@b1bc7ed"
2016-01-02 19:43:33 INFO  Model:20 - initialization task success
2016-01-02 19:43:33 DEBUG Model:25 - initialization  task error in class ModelUnparseable date: "com.sun.org.apache.xerces.internal.dom.DeepNodeListImpl@b1bc7ed"
2016-01-02 19:43:47 INFO  Model:20 - initialization task success
2016-01-02 19:43:47 DEBUG Model:25 - initialization  task error in class Modelnull
2016-01-02 19:44:02 INFO  Model:20 - initialization task success
2016-01-02 19:44:02 DEBUG Model:25 - initialization  task error in class Modelnull
2016-01-02 19:44:09 INFO  Model:20 - initialization task success
2016-01-02 19:44:09 DEBUG Model:25 - initialization  task error in class Modelnull
2016-01-02 19:44:45 INFO  Model:20 - initialization task success
2016-01-02 19:44:45 DEBUG Model:25 - initialization  task error in class ModelUnparseable date: ""
2016-01-02 19:45:03 INFO  Model:20 - initialization task success
2016-01-02 19:45:03 DEBUG Model:25 - initialization  task error in class ModelUnparseable date: ""
2016-01-02 19:45:11 INFO  Model:20 - initialization task success
2016-01-02 19:45:11 DEBUG Model:25 - initialization  task error in class ModelUnparseable date: ""
2016-01-02 19:54:06 DEBUG Model:27 - initialization  task error in class ModelUnparseable date: "[timeLastWork: null]"
2016-01-02 19:55:47 DEBUG Model:27 - initialization  task error in class ModelUnparseable date: "com.sun.org.apache.xerces.internal.dom.DeepNodeListImpl@4fca772d"
2016-01-02 20:25:05 DEBUG Model:27 - initialization  task error in class ModelUnparseable date: "timeLastWork"
2016-01-02 20:25:38 DEBUG Model:27 - initialization  task error in class ModelUnparseable date: "true"
2016-01-02 20:26:45 DEBUG Model:27 - initialization  task error in class ModelUnparseable date: "1"
2016-01-02 20:30:15 DEBUG Model:27 - initialization  task error in class Modelnull
2016-01-02 20:31:25 DEBUG Model:27 - initialization  task error in class ModelUnparseable date: "timeLastWork"
2016-01-02 20:32:00 DEBUG Model:27 - initialization  task error in class Modelnull
2016-01-02 20:32:21 DEBUG Model:27 - initialization  task error in class ModelUnparseable date: "timeLastWork"
2016-01-02 20:32:39 INFO  Model:24 - initialization task success
2016-01-03 09:21:28 DEBUG Model:30 - initialization  task error in class Modelnull
2016-01-03 09:21:42 INFO  Model:27 - initialization task success
2016-01-03 09:25:39 INFO  Model:27 - initialization task success
2016-01-03 09:26:11 DEBUG Model:30 - initialization  task error in class Modelnull
2016-01-03 09:52:07 INFO  Model:26 - initialization task success
2016-01-03 09:54:21 INFO  Model:26 - initialization task success
2016-01-03 10:21:52 INFO  Model:26 - initialization task success
2016-01-03 10:35:41 INFO  Model:26 - initialization task success
2016-01-03 10:36:09 INFO  Model:26 - initialization task success
2016-01-03 10:37:08 INFO  Model:81 - tass add
2016-01-03 10:43:05 INFO  Model:26 - initialization task success
2016-01-03 10:45:31 INFO  Model:81 - tass add
2016-01-03 10:46:15 INFO  Model:68 - Task remove success
2016-01-03 10:46:15 INFO  Model:81 - tass add
2016-01-03 10:46:15 INFO  Model:122 - task edit success
2016-01-03 10:46:34 INFO  Model:68 - Task remove success
2016-01-03 10:46:34 INFO  Model:81 - tass add
2016-01-03 10:46:34 INFO  Model:122 - task edit success
2016-01-03 10:48:44 INFO  Model:26 - initialization task success
2016-01-03 10:51:14 INFO  Model:26 - initialization task success
2016-01-03 10:52:07 INFO  Model:26 - initialization task success
2016-01-03 10:56:13 INFO  Model:25 - initialization task success
2016-01-03 10:56:36 INFO  Model:25 - initialization task success
2016-01-03 10:57:02 INFO  Model:25 - initialization task success
2016-01-03 10:57:45 INFO  Model:80 - tass add
2016-01-03 10:59:06 INFO  Model:25 - initialization task success
2016-01-03 11:00:38 INFO  Model:25 - initialization task success
2016-01-03 11:03:06 INFO  Model:25 - initialization task success
2016-01-03 11:14:57 INFO  Model:26 - initialization task success
2016-01-03 11:15:11 INFO  Model:26 - initialization task success
2016-01-03 11:15:30 INFO  Model:26 - initialization task success
2016-01-03 11:17:26 INFO  Model:26 - initialization task success
2016-01-03 11:17:42 INFO  Model:26 - initialization task success
2016-01-03 11:18:02 INFO  Model:26 - initialization task success
2016-01-03 11:19:11 INFO  Model:26 - initialization task success
2016-01-03 11:23:47 INFO  Model:26 - initialization task success
2016-01-03 11:24:36 INFO  Model:68 - Task remove success
2016-01-03 11:24:36 INFO  Model:81 - tass add
2016-01-03 11:24:36 INFO  Model:122 - task edit success
2016-01-03 11:24:51 INFO  Model:26 - initialization task success
2016-01-03 11:26:20 INFO  Model:68 - Task remove success
2016-01-03 11:26:20 INFO  Model:81 - tass add
2016-01-03 11:26:20 INFO  Model:122 - task edit success
2016-01-03 11:26:37 INFO  Model:26 - initialization task success
2016-01-03 11:27:07 INFO  Model:26 - initialization task success
2016-01-03 11:27:13 INFO  Model:26 - initialization task success
2016-01-03 11:28:30 INFO  Model:25 - initialization task success
2016-01-03 11:36:43 INFO  Model:80 - tass add
2016-01-03 11:36:56 INFO  Model:25 - initialization task success
2016-01-03 11:38:23 INFO  Model:25 - initialization task success
2016-01-03 11:38:45 INFO  Model:67 - Task remove success
2016-01-03 11:38:45 INFO  Model:80 - tass add
2016-01-03 11:38:45 INFO  Model:122 - task edit success
2016-01-03 11:45:47 INFO  Model:25 - initialization task success
2016-01-03 12:11:40 INFO  Model:25 - initialization task success
2016-01-03 12:14:50 INFO  Model:25 - initialization task success
2016-01-03 12:16:39 INFO  Model:67 - Task remove success
2016-01-03 12:16:39 INFO  Model:80 - tass add
2016-01-03 12:16:39 INFO  Model:124 - task edit success
2016-01-03 12:18:53 INFO  Model:25 - initialization task success
2016-01-03 12:27:05 INFO  Model:25 - initialization task success
2016-01-03 12:39:09 INFO  Model:25 - initialization task success
2016-01-03 15:55:30 INFO  Model:24 - initialization task success
2016-01-03 15:55:40 INFO  Model:24 - initialization task success
2016-01-03 15:59:05 INFO  Model:24 - initialization task success
2016-01-03 15:59:31 INFO  Model:24 - initialization task success
2016-01-03 16:01:46 INFO  Model:24 - initialization task success
2016-01-03 16:03:29 INFO  Model:24 - initialization task success
2016-01-03 16:04:05 INFO  Model:24 - initialization task success
2016-01-03 16:13:08 INFO  Model:24 - initialization task success
2016-01-03 16:13:30 INFO  Model:24 - initialization task success
2016-01-03 16:19:16 INFO  Model:24 - initialization task success
2016-01-03 16:20:08 INFO  Model:24 - initialization task success
2016-01-03 16:24:44 INFO  Model:24 - initialization task success
2016-01-03 16:28:24 INFO  Model:24 - initialization task success
2016-01-03 16:28:30 INFO  Model:24 - initialization task success
2016-01-03 16:32:42 INFO  Model:24 - initialization task success
2016-01-03 16:35:04 INFO  Model:67 - Task remove success
2016-01-03 16:45:03 INFO  Model:24 - initialization task success
2016-01-03 16:46:48 INFO  Model:67 - Task remove success
2016-01-03 16:46:48 INFO  Model:80 - tass add
2016-01-03 16:46:48 INFO  Model:184 - task edit success
2016-01-03 16:49:11 INFO  Model:24 - initialization task success
2016-01-03 16:49:33 INFO  Model:67 - Task remove success
2016-01-03 16:50:11 INFO  Model:24 - initialization task success
2016-01-03 17:01:38 DEBUG Model:26 - initialization  task error in class ModelD:\”◊≈¡¿ ƒÀﬂ Ã≈Õﬂ\ ”–—€ JAVA\Lab1_Tasks\Preference.xml (ÕÂ Û‰‡ÂÚÒˇ Ì‡ÈÚË ÛÍ‡Á‡ÌÌ˚È Ù‡ÈÎ)
2016-01-03 17:02:46 INFO  Model:24 - initialization task success
2016-01-03 17:03:30 INFO  Model:24 - initialization task success
2016-01-03 17:03:47 INFO  Model:24 - initialization task success
2016-01-04 18:26:13 INFO  Model:30 - initialization task success
2016-01-04 18:35:50 INFO  Model:30 - initialization task success
2016-01-04 18:36:05 INFO  Model:30 - initialization task success
